2018/02/09 09:25:17 [INFO] Terraform version: 0.11.2  a6008b8a48a749c7c167453b9cf55ffd572b9a5d
2018/02/09 09:25:17 [INFO] Go runtime version: go1.9.1
2018/02/09 09:25:17 [INFO] CLI args: []string{"/home/admine/MyBox/Tools/terraform_0.11.2_linux_amd64/terraform", "init"}
2018/02/09 09:25:17 [DEBUG] Attempting to open CLI config file: /home/admine/.terraformrc
2018/02/09 09:25:17 [DEBUG] File doesn't exist, but doesn't need to. Ignoring.
2018/02/09 09:25:17 [INFO] CLI command args: []string{"init"}
2018/02/09 09:25:17 [DEBUG] command: loading backend config file: /home/admine/Documents/otus/avorobyev_infra/terraform
2018/02/09 09:25:17 [TRACE] module source: "SweetOps/storage-bucket/google"
2018/02/09 09:25:17 [TRACE] "sweetops/storage-bucket/google" is a registry module
2018/02/09 09:25:17 [INFO] no matching version for "sweetops/storage-bucket/google"<0.1.1>, no versions found
2018/02/09 09:25:17 [DEBUG] matched "SweetOps/storage-bucket/google" version  for 0.1.1
2018/02/09 09:25:17 [DEBUG] Service discovery for registry.terraform.io at https://registry.terraform.io/.well-known/terraform.json
2018/02/09 09:25:21 [WARNING] Failed to request discovery document: Get https://registry.terraform.io/.well-known/terraform.json: net/http: request canceled while waiting for connection (Client.Timeout exceeded while awaiting headers)
2018/02/09 09:25:21 [DEBUG] plugin: waiting for all plugin processes to complete...
panic: runtime error: invalid memory address or nil pointer dereference
[signal SIGSEGV: segmentation violation code=0x1 addr=0x38 pc=0x91f986]

goroutine 1 [running]:
github.com/hashicorp/terraform/registry.(*Client).Discover(0xc4203fd120, 0x2742061, 0x15, 0x0)
	/opt/gopath/src/github.com/hashicorp/terraform/registry/client.go:70 +0x66
github.com/hashicorp/terraform/registry.(*Client).Versions(0xc4203fd120, 0xc4203f8f50, 0x0, 0x0, 0x0)
	/opt/gopath/src/github.com/hashicorp/terraform/registry/client.go:83 +0xa2
github.com/hashicorp/terraform/config/module.Storage.findRegistryModule(0xc420013b00, 0x12, 0x0, 0x0, 0x0, 0x3eb8ae0, 0xc4203bbb20, 0x1, 0xc4203fd120, 0xc420013921, ...)
	/opt/gopath/src/github.com/hashicorp/terraform/config/module/storage.go:319 +0x6eb
github.com/hashicorp/terraform/config/module.(*Tree).getChildren(0xc420302b00, 0xc4203f8eb0, 0xc420302b38, 0xc4203fd120, 0xc4203fd120)
	/opt/gopath/src/github.com/hashicorp/terraform/config/module/tree.go:219 +0x493
github.com/hashicorp/terraform/config/module.(*Tree).Load(0xc420302b00, 0xc4203f8eb0, 0x0, 0x0)
	/opt/gopath/src/github.com/hashicorp/terraform/config/module/tree.go:178 +0xab
github.com/hashicorp/terraform/command.getModules(0xc4203908c0, 0xc4200161c4, 0x35, 0xc420019301, 0x23, 0xc420019320)
	/opt/gopath/src/github.com/hashicorp/terraform/command/get.go:84 +0x135
github.com/hashicorp/terraform/command.(*InitCommand).Run(0xc4203908c0, 0xc420064030, 0x0, 0x0, 0xc42004d6f0)
	/opt/gopath/src/github.com/hashicorp/terraform/command/init.go:178 +0xb50
github.com/hashicorp/terraform/vendor/github.com/mitchellh/cli.(*CLI).Run(0xc42033fb80, 0xc42033fb80, 0xc4201f7d18, 0x1)
	/opt/gopath/src/github.com/hashicorp/terraform/vendor/github.com/mitchellh/cli/cli.go:255 +0x1eb
main.wrappedMain(0x0)
	/opt/gopath/src/github.com/hashicorp/terraform/main.go:214 +0xbda
main.realMain(0x0)
	/opt/gopath/src/github.com/hashicorp/terraform/main.go:99 +0xbb
main.main()
	/opt/gopath/src/github.com/hashicorp/terraform/main.go:35 +0x38
